Performing C SOURCE FILE Test CMAKE_HAVE_LIBC_PTHREAD failed with the following output:
Change Dir: /home/bman/work/Xsens_MTi_ROS_Driver_and_Ntrip_Client/src/xsens_ros_mti_driver/build/CMakeFiles/CMakeTmp

Run Build Command(s):/usr/bin/make -f Makefile cmTC_b1fad/fast && /usr/bin/make  -f CMakeFiles/cmTC_b1fad.dir/build.make CMakeFiles/cmTC_b1fad.dir/build
make[1]: Entering directory '/home/bman/work/Xsens_MTi_ROS_Driver_and_Ntrip_Client/src/xsens_ros_mti_driver/build/CMakeFiles/CMakeTmp'
Building C object CMakeFiles/cmTC_b1fad.dir/src.c.o
/usr/bin/cc -DCMAKE_HAVE_LIBC_PTHREAD   -o CMakeFiles/cmTC_b1fad.dir/src.c.o -c /home/bman/work/Xsens_MTi_ROS_Driver_and_Ntrip_Client/src/xsens_ros_mti_driver/build/CMakeFiles/CMakeTmp/src.c
Linking C executable cmTC_b1fad
/usr/bin/cmake -E cmake_link_script CMakeFiles/cmTC_b1fad.dir/link.txt --verbose=1
/usr/bin/cc -rdynamic CMakeFiles/cmTC_b1fad.dir/src.c.o -o cmTC_b1fad 
/usr/bin/ld: CMakeFiles/cmTC_b1fad.dir/src.c.o: in function `main':
src.c:(.text+0x48): undefined reference to `pthread_create'
/usr/bin/ld: src.c:(.text+0x50): undefined reference to `pthread_detach'
/usr/bin/ld: src.c:(.text+0x58): undefined reference to `pthread_cancel'
/usr/bin/ld: src.c:(.text+0x64): undefined reference to `pthread_join'
collect2: error: ld returned 1 exit status
make[1]: *** [CMakeFiles/cmTC_b1fad.dir/build.make:99: cmTC_b1fad] Error 1
make[1]: Leaving directory '/home/bman/work/Xsens_MTi_ROS_Driver_and_Ntrip_Client/src/xsens_ros_mti_driver/build/CMakeFiles/CMakeTmp'
make: *** [Makefile:127: cmTC_b1fad/fast] Error 2


Source file was:
#include <pthread.h>

static void* test_func(void* data)
{
  return data;
}

int main(void)
{
  pthread_t thread;
  pthread_create(&thread, NULL, test_func, NULL);
  pthread_detach(thread);
  pthread_cancel(thread);
  pthread_join(thread, NULL);
  pthread_atfork(NULL, NULL, NULL);
  pthread_exit(NULL);

  return 0;
}

Determining if the function pthread_create exists in the pthreads failed with the following output:
Change Dir: /home/bman/work/Xsens_MTi_ROS_Driver_and_Ntrip_Client/src/xsens_ros_mti_driver/build/CMakeFiles/CMakeTmp

Run Build Command(s):/usr/bin/make -f Makefile cmTC_621cd/fast && /usr/bin/make  -f CMakeFiles/cmTC_621cd.dir/build.make CMakeFiles/cmTC_621cd.dir/build
make[1]: Entering directory '/home/bman/work/Xsens_MTi_ROS_Driver_and_Ntrip_Client/src/xsens_ros_mti_driver/build/CMakeFiles/CMakeTmp'
Building C object CMakeFiles/cmTC_621cd.dir/CheckFunctionExists.c.o
/usr/bin/cc   -DCHECK_FUNCTION_EXISTS=pthread_create -o CMakeFiles/cmTC_621cd.dir/CheckFunctionExists.c.o -c /usr/share/cmake-3.24/Modules/CheckFunctionExists.c
Linking C executable cmTC_621cd
/usr/bin/cmake -E cmake_link_script CMakeFiles/cmTC_621cd.dir/link.txt --verbose=1
/usr/bin/cc  -DCHECK_FUNCTION_EXISTS=pthread_create -rdynamic CMakeFiles/cmTC_621cd.dir/CheckFunctionExists.c.o -o cmTC_621cd  -lpthreads 
/usr/bin/ld: cannot find -lpthreads
collect2: error: ld returned 1 exit status
make[1]: *** [CMakeFiles/cmTC_621cd.dir/build.make:99: cmTC_621cd] Error 1
make[1]: Leaving directory '/home/bman/work/Xsens_MTi_ROS_Driver_and_Ntrip_Client/src/xsens_ros_mti_driver/build/CMakeFiles/CMakeTmp'
make: *** [Makefile:127: cmTC_621cd/fast] Error 2



